\BOOKMARK [0][]{chapter.1}{\376\377\173\054\116\000\172\340\000\040\227\136\176\277\140\047\145\271\172\013\377\010\176\304\377\011\166\204\145\160\120\074\211\343\154\325}{}% 1
\BOOKMARK [1][]{section.1.1}{\376\377\0001\000.\0001\000\040\130\153\172\172\230\230}{chapter.1}% 2
\BOOKMARK [1][]{section.1.2}{\376\377\0001\000.\0002\000\040\213\241\173\227\116\016\213\250\213\272\230\230}{chapter.1}% 3
\BOOKMARK [1][]{section.1.3}{\376\377\0001\000.\0003\000\040\131\015\116\140\140\035\200\003\230\230}{chapter.1}% 4
\BOOKMARK [0][]{chapter.2}{\376\377\173\054\116\214\172\340\000\040\176\277\140\047\145\271\172\013\176\304\166\204\145\160\120\074\211\343\154\325}{}% 5
\BOOKMARK [1][]{section.2.1}{\376\377\0002\000.\0001\000\040\130\153\172\172\230\230}{chapter.2}% 6
\BOOKMARK [1][]{section.2.2}{\376\377\0002\000.\0002\000\040\213\241\173\227\116\016\213\250\213\272\230\230}{chapter.2}% 7
\BOOKMARK [1][]{section.2.3}{\376\377\0002\000.\0003\000\040\131\015\116\140\140\035\200\003\230\230}{chapter.2}% 8
\BOOKMARK [0][]{chapter.3}{\376\377\173\054\116\011\172\340\000\040\143\322\120\074\145\271\154\325\116\016\145\160\120\074\220\074\217\321}{}% 9
\BOOKMARK [1][]{section.3.1}{\376\377\0003\000.\0001\000\040\130\153\172\172\230\230}{chapter.3}% 10
\BOOKMARK [1][]{section.3.2}{\376\377\0003\000.\0002\000\040\213\241\173\227\116\016\213\250\213\272\230\230}{chapter.3}% 11
\BOOKMARK [1][]{section.3.3}{\376\377\0003\000.\0003\000\040\131\015\116\140\140\035\200\003\230\230}{chapter.3}% 12
\BOOKMARK [0][]{chapter.4}{\376\377\173\054\126\333\172\340\000\040\145\160\120\074\171\357\122\006}{}% 13
\BOOKMARK [1][]{section.4.1}{\376\377\0004\000.\0001\000\040\130\153\172\172\230\230}{chapter.4}% 14
\BOOKMARK [1][]{section.4.2}{\376\377\0004\000.\0002\000\040\213\241\173\227\116\016\213\250\213\272\230\230}{chapter.4}% 15
\BOOKMARK [1][]{section.4.3}{\376\377\0004\000.\0003\000\040\131\015\116\140\140\035\200\003\230\230}{chapter.4}% 16
\BOOKMARK [0][]{chapter.5}{\376\377\173\054\116\224\172\340\000\040\167\351\226\065\162\171\137\201\120\074\116\016\162\171\137\201\124\021\221\317\166\204\213\241\173\227}{}% 17
\BOOKMARK [1][]{section.5.1}{\376\377\0005\000.\0001\000\040\130\153\172\172\230\230}{chapter.5}% 18
\BOOKMARK [1][]{section.5.2}{\376\377\0005\000.\0002\000\040\213\241\173\227\116\016\213\250\213\272\230\230}{chapter.5}% 19
\BOOKMARK [1][]{section.5.3}{\376\377\0005\000.\0003\000\040\131\015\116\140\140\035\200\003\230\230}{chapter.5}% 20
\BOOKMARK [0][]{chapter.6}{\376\377\173\054\121\155\172\340\000\040\136\070\137\256\122\006\145\271\172\013\122\035\120\074\225\356\230\230\166\204\145\160\120\074\211\343\154\325}{}% 21
\BOOKMARK [1][]{section.6.1}{\376\377\0006\000.\0001\000\040\130\153\172\172\230\230}{chapter.6}% 22
\BOOKMARK [1][]{section.6.2}{\376\377\0006\000.\0002\000\040\213\241\173\227\116\016\213\250\213\272\230\230}{chapter.6}% 23
\BOOKMARK [1][]{section.6.3}{\376\377\0006\000.\0003\000\040\131\015\116\140\140\035\200\003\230\230}{chapter.6}% 24
