\BOOKMARK [0][]{chapter.1}{\376\377\173\054\116\000\172\340\000\040\176\352\213\272}{}% 1
\BOOKMARK [1][]{section.1.1}{\376\377\0001\000.\0001\000\040\213\357\135\356\166\204\133\232\116\111}{chapter.1}% 2
\BOOKMARK [1][]{section.1.2}{\376\377\0001\000.\0002\000\040\116\000\116\052\173\227\154\325\172\063\133\232\140\047\166\204\117\213\133\120}{chapter.1}% 3
\BOOKMARK [1][]{section.1.3}{\376\377\0001\000.\0003\000\040\213\357\135\356\116\016\147\011\145\110\145\160\133\127}{chapter.1}% 4
\BOOKMARK [1][]{section.1.4}{\376\377\0001\000.\0004\000\040\121\375\145\160\166\204\213\357\135\356\117\060\213\241}{chapter.1}% 5
\BOOKMARK [1][]{section.1.5}{\376\377\0001\000.\0005\000\040\121\340\160\271\154\350\141\017\116\213\230\171}{chapter.1}% 6
\BOOKMARK [1][]{section.1.6}{\376\377\0001\000.\0006\000\040\140\035\200\003\230\230\116\016\116\140\230\230}{chapter.1}% 7
\BOOKMARK [0][]{chapter.2}{\376\377\173\054\116\214\172\340\000\040\121\375\145\160\220\074\217\321\116\016\137\353\220\037\120\205\221\314\123\366\123\330\143\142}{}% 8
\BOOKMARK [1][]{section.2.1}{\376\377\0002\000.\0001\000\040\121\375\145\160\220\074\217\321\166\204\127\372\147\054\151\202\137\365}{chapter.2}% 9
\BOOKMARK [0][]{chapter.3}{\376\377\173\054\116\011\172\340\000\040\227\136\176\277\140\047\145\271\172\013\116\016\145\271\172\013\176\304\166\204\145\160\120\074\211\343\154\325}{}% 10
\BOOKMARK [1][]{section.3.1}{\376\377\0003\000.\0001\000\040\145\271\172\013\154\102\150\071\116\016\116\214\122\006\154\325}{chapter.3}% 11
\BOOKMARK [1][]{section.3.2}{\376\377\0003\000.\0002\000\040\116\140\230\230}{chapter.3}% 12
\BOOKMARK [1][]{section.3.3}{\376\377\0003\000.\0003\000\040\213\241\173\227\133\236\116\140\230\230}{chapter.3}% 13
\BOOKMARK [0][]{chapter.4}{\376\377\173\054\126\333\172\340\000\040\227\136\176\277\140\047\145\271\172\013\377\010\176\304\377\011\166\204\145\160\120\074\211\343\154\325}{}% 14
\BOOKMARK [0][]{chapter.5}{\376\377\173\054\116\224\172\340\000\040\176\277\140\047\145\271\172\013\176\304\166\204\145\160\120\074\211\343\154\325}{}% 15
\BOOKMARK [0][]{chapter.6}{\376\377\173\054\121\155\172\340\000\040\143\322\120\074\145\271\154\325\116\016\145\160\120\074\220\074\217\321}{}% 16
\BOOKMARK [0][]{chapter.7}{\376\377\173\054\116\003\172\340\000\040\145\160\120\074\171\357\122\006}{}% 17
\BOOKMARK [0][]{chapter.8}{\376\377\173\054\121\153\172\340\000\040\167\351\226\065\162\171\137\201\120\074\116\016\162\171\137\201\124\021\221\317\166\204\213\241\173\227}{}% 18
\BOOKMARK [0][]{chapter.9}{\376\377\173\054\116\135\172\340\000\040\136\070\137\256\122\006\145\271\172\013\122\035\120\074\225\356\230\230\166\204\145\160\120\074\211\343\154\325}{}% 19
\BOOKMARK [1][]{section.9.1}{\376\377\0009\000.\0001\000\040\116\140\230\230}{chapter.9}% 20
